<?xml version="1.0" encoding="UTF-8"?>
<testsuite name="testpackage.AttributeTest" tests="2" skipped="0" failures="0" errors="0" timestamp="2023-04-04T19:38:04" hostname="DE-ADN-4Q5Q8D3" time="0.063">
  <properties/>
  <testcase name="testAttributes[Context]" classname="testpackage.AttributeTest" time="0.042"/>
  <testcase name="testAttributes[Policy]" classname="testpackage.AttributeTest" time="0.018"/>
  <system-out><![CDATA[]]></system-out>
  <system-err><![CDATA[[DEBUG] [Test worker] Validated build configuration regarding trusted package rules, 0 are missing.
NOTICE: The warning above is expected and the issue is already known.
        Visit https://github.com/ls1intum/Ares/discussions/113 for more details.
[INFO] [Test worker] Request install with ASC-Impl [testMethod=Optional.empty, executionPath=/home/kutsch/MA/Development/testing/base_repositories/tests-repository, whitelistedPaths=Optional[[PathRule["target" (STARTS_WITH) in WHITELIST; level READ]]], blacklistedPaths=[PathRule["target/test-classes" (STARTS_WITH) in BLACKLIST; level READ]], allowedLocalPorts=[], trustedPackages=[]]
[INFO] [Test worker] Request uninstall
[DEBUG] [Test worker] Validated build configuration regarding trusted package rules, 0 are missing.
[INFO] [Test worker] Request install with ASC-Impl [testMethod=Optional[protected org.junit.jupiter.api.DynamicContainer testpackage.AttributeTest.generateTestsForAllClasses() throws java.net.URISyntaxException], executionPath=/home/kutsch/MA/Development/testing/base_repositories/tests-repository, whitelistedPaths=Optional[[PathRule["target" (STARTS_WITH) in WHITELIST; level READ]]], blacklistedPaths=[PathRule["target/test-classes" (STARTS_WITH) in BLACKLIST; level READ]], allowedLocalPorts=[], trustedPackages=[]]
[INFO] [Test worker] Request whitelisting: Thread[ajts-to-1,5,Test-Threadgroup] []
[INFO] [Test worker] Thread whitelisted: Thread[ajts-to-1,5,Test-Threadgroup]
[INFO] [Test worker] Request uninstall
[DEBUG] [Test worker] Validated build configuration regarding trusted package rules, 0 are missing.
[INFO] [Test worker] Request install with ASC-Impl [testMethod=Optional[protected org.junit.jupiter.api.DynamicContainer testpackage.AttributeTest.generateTestsForAllClasses() throws java.net.URISyntaxException], executionPath=/home/kutsch/MA/Development/testing/base_repositories/tests-repository, whitelistedPaths=Optional[[PathRule["target" (STARTS_WITH) in WHITELIST; level READ]]], blacklistedPaths=[PathRule["target/test-classes" (STARTS_WITH) in BLACKLIST; level READ]], allowedLocalPorts=[], trustedPackages=[]]
[INFO] [Test worker] Request whitelisting: Thread[ajts-to-2,5,Test-Threadgroup] []
[INFO] [Test worker] Thread whitelisted: Thread[ajts-to-2,5,Test-Threadgroup]
[INFO] [Test worker] Request uninstall
[DEBUG] [Test worker] Validated build configuration regarding trusted package rules, 0 are missing.
[INFO] [Test worker] Request install with ASC-Impl [testMethod=Optional[protected org.junit.jupiter.api.DynamicContainer testpackage.AttributeTest.generateTestsForAllClasses() throws java.net.URISyntaxException], executionPath=/home/kutsch/MA/Development/testing/base_repositories/tests-repository, whitelistedPaths=Optional[[PathRule["target" (STARTS_WITH) in WHITELIST; level READ]]], blacklistedPaths=[PathRule["target/test-classes" (STARTS_WITH) in BLACKLIST; level READ]], allowedLocalPorts=[], trustedPackages=[]]
[INFO] [Test worker] Request whitelisting: Thread[ajts-to-3,5,Test-Threadgroup] []
[INFO] [Test worker] Thread whitelisted: Thread[ajts-to-3,5,Test-Threadgroup]
[INFO] [Test worker] Request uninstall
]]></system-err>
</testsuite>
